{"total": {"lines":{"total":4753,"covered":3061,"skipped":0,"pct":64.4},"statements":{"total":4753,"covered":3061,"skipped":0,"pct":64.4},"functions":{"total":210,"covered":146,"skipped":0,"pct":69.52},"branches":{"total":646,"covered":493,"skipped":0,"pct":76.31},"branchesTrue":{"total":0,"covered":0,"skipped":0,"pct":100}}
,"/Users/outsource/Documents/GitHub/incident_picker/middleware.ts": {"lines":{"total":18,"covered":0,"skipped":0,"pct":0},"functions":{"total":1,"covered":0,"skipped":0,"pct":0},"statements":{"total":18,"covered":0,"skipped":0,"pct":0},"branches":{"total":1,"covered":0,"skipped":0,"pct":0}}
,"/Users/outsource/Documents/GitHub/incident_picker/postcss.config.js": {"lines":{"total":6,"covered":0,"skipped":0,"pct":0},"functions":{"total":1,"covered":0,"skipped":0,"pct":0},"statements":{"total":6,"covered":0,"skipped":0,"pct":0},"branches":{"total":1,"covered":0,"skipped":0,"pct":0}}
,"/Users/outsource/Documents/GitHub/incident_picker/tailwind.config.js": {"lines":{"total":22,"covered":0,"skipped":0,"pct":0},"functions":{"total":1,"covered":0,"skipped":0,"pct":0},"statements":{"total":22,"covered":0,"skipped":0,"pct":0},"branches":{"total":1,"covered":0,"skipped":0,"pct":0}}
,"/Users/outsource/Documents/GitHub/incident_picker/prisma/seed.mjs": {"lines":{"total":27,"covered":0,"skipped":0,"pct":0},"functions":{"total":1,"covered":0,"skipped":0,"pct":0},"statements":{"total":27,"covered":0,"skipped":0,"pct":0},"branches":{"total":1,"covered":0,"skipped":0,"pct":0}}
,"/Users/outsource/Documents/GitHub/incident_picker/src/app/layout.tsx": {"lines":{"total":25,"covered":0,"skipped":0,"pct":0},"functions":{"total":1,"covered":0,"skipped":0,"pct":0},"statements":{"total":25,"covered":0,"skipped":0,"pct":0},"branches":{"total":1,"covered":0,"skipped":0,"pct":0}}
,"/Users/outsource/Documents/GitHub/incident_picker/src/app/page.tsx": {"lines":{"total":7,"covered":0,"skipped":0,"pct":0},"functions":{"total":1,"covered":0,"skipped":0,"pct":0},"statements":{"total":7,"covered":0,"skipped":0,"pct":0},"branches":{"total":1,"covered":0,"skipped":0,"pct":0}}
,"/Users/outsource/Documents/GitHub/incident_picker/src/app/api/audit/activity/route.ts": {"lines":{"total":28,"covered":0,"skipped":0,"pct":0},"functions":{"total":1,"covered":0,"skipped":0,"pct":0},"statements":{"total":28,"covered":0,"skipped":0,"pct":0},"branches":{"total":1,"covered":0,"skipped":0,"pct":0}}
,"/Users/outsource/Documents/GitHub/incident_picker/src/app/api/audit/logs/route.ts": {"lines":{"total":47,"covered":0,"skipped":0,"pct":0},"functions":{"total":1,"covered":0,"skipped":0,"pct":0},"statements":{"total":47,"covered":0,"skipped":0,"pct":0},"branches":{"total":1,"covered":0,"skipped":0,"pct":0}}
,"/Users/outsource/Documents/GitHub/incident_picker/src/app/api/audit/summary/route.ts": {"lines":{"total":28,"covered":0,"skipped":0,"pct":0},"functions":{"total":1,"covered":0,"skipped":0,"pct":0},"statements":{"total":28,"covered":0,"skipped":0,"pct":0},"branches":{"total":1,"covered":0,"skipped":0,"pct":0}}
,"/Users/outsource/Documents/GitHub/incident_picker/src/app/api/auth/[...nextauth]/route.ts": {"lines":{"total":1,"covered":0,"skipped":0,"pct":0},"functions":{"total":1,"covered":0,"skipped":0,"pct":0},"statements":{"total":1,"covered":0,"skipped":0,"pct":0},"branches":{"total":1,"covered":0,"skipped":0,"pct":0}}
,"/Users/outsource/Documents/GitHub/incident_picker/src/app/api/channels/route.ts": {"lines":{"total":31,"covered":0,"skipped":0,"pct":0},"functions":{"total":1,"covered":0,"skipped":0,"pct":0},"statements":{"total":31,"covered":0,"skipped":0,"pct":0},"branches":{"total":1,"covered":0,"skipped":0,"pct":0}}
,"/Users/outsource/Documents/GitHub/incident_picker/src/app/api/channels/[id]/route.ts": {"lines":{"total":48,"covered":0,"skipped":0,"pct":0},"functions":{"total":1,"covered":0,"skipped":0,"pct":0},"statements":{"total":48,"covered":0,"skipped":0,"pct":0},"branches":{"total":1,"covered":0,"skipped":0,"pct":0}}
,"/Users/outsource/Documents/GitHub/incident_picker/src/app/api/dashboard/channels/route.ts": {"lines":{"total":18,"covered":0,"skipped":0,"pct":0},"functions":{"total":1,"covered":0,"skipped":0,"pct":0},"statements":{"total":18,"covered":0,"skipped":0,"pct":0},"branches":{"total":1,"covered":0,"skipped":0,"pct":0}}
,"/Users/outsource/Documents/GitHub/incident_picker/src/app/api/dashboard/distribution/route.ts": {"lines":{"total":18,"covered":0,"skipped":0,"pct":0},"functions":{"total":1,"covered":0,"skipped":0,"pct":0},"statements":{"total":18,"covered":0,"skipped":0,"pct":0},"branches":{"total":1,"covered":0,"skipped":0,"pct":0}}
,"/Users/outsource/Documents/GitHub/incident_picker/src/app/api/dashboard/recent/route.ts": {"lines":{"total":20,"covered":0,"skipped":0,"pct":0},"functions":{"total":1,"covered":0,"skipped":0,"pct":0},"statements":{"total":20,"covered":0,"skipped":0,"pct":0},"branches":{"total":1,"covered":0,"skipped":0,"pct":0}}
,"/Users/outsource/Documents/GitHub/incident_picker/src/app/api/dashboard/summary/route.ts": {"lines":{"total":18,"covered":0,"skipped":0,"pct":0},"functions":{"total":1,"covered":0,"skipped":0,"pct":0},"statements":{"total":18,"covered":0,"skipped":0,"pct":0},"branches":{"total":1,"covered":0,"skipped":0,"pct":0}}
,"/Users/outsource/Documents/GitHub/incident_picker/src/app/api/dashboard/trends/route.ts": {"lines":{"total":27,"covered":0,"skipped":0,"pct":0},"functions":{"total":1,"covered":0,"skipped":0,"pct":0},"statements":{"total":27,"covered":0,"skipped":0,"pct":0},"branches":{"total":1,"covered":0,"skipped":0,"pct":0}}
,"/Users/outsource/Documents/GitHub/incident_picker/src/app/api/incidents/route.ts": {"lines":{"total":33,"covered":0,"skipped":0,"pct":0},"functions":{"total":1,"covered":0,"skipped":0,"pct":0},"statements":{"total":33,"covered":0,"skipped":0,"pct":0},"branches":{"total":1,"covered":0,"skipped":0,"pct":0}}
,"/Users/outsource/Documents/GitHub/incident_picker/src/app/api/incidents/[id]/route.ts": {"lines":{"total":60,"covered":0,"skipped":0,"pct":0},"functions":{"total":1,"covered":0,"skipped":0,"pct":0},"statements":{"total":60,"covered":0,"skipped":0,"pct":0},"branches":{"total":1,"covered":0,"skipped":0,"pct":0}}
,"/Users/outsource/Documents/GitHub/incident_picker/src/app/api/incidents/[id]/export/route.ts": {"lines":{"total":40,"covered":0,"skipped":0,"pct":0},"functions":{"total":1,"covered":0,"skipped":0,"pct":0},"statements":{"total":40,"covered":0,"skipped":0,"pct":0},"branches":{"total":1,"covered":0,"skipped":0,"pct":0}}
,"/Users/outsource/Documents/GitHub/incident_picker/src/app/api/incidents/[id]/history/route.ts": {"lines":{"total":28,"covered":0,"skipped":0,"pct":0},"functions":{"total":1,"covered":0,"skipped":0,"pct":0},"statements":{"total":28,"covered":0,"skipped":0,"pct":0},"branches":{"total":1,"covered":0,"skipped":0,"pct":0}}
,"/Users/outsource/Documents/GitHub/incident_picker/src/app/api/reports/channels/route.ts": {"lines":{"total":23,"covered":0,"skipped":0,"pct":0},"functions":{"total":1,"covered":0,"skipped":0,"pct":0},"statements":{"total":23,"covered":0,"skipped":0,"pct":0},"branches":{"total":1,"covered":0,"skipped":0,"pct":0}}
,"/Users/outsource/Documents/GitHub/incident_picker/src/app/api/reports/incidents/route.ts": {"lines":{"total":55,"covered":0,"skipped":0,"pct":0},"functions":{"total":1,"covered":0,"skipped":0,"pct":0},"statements":{"total":55,"covered":0,"skipped":0,"pct":0},"branches":{"total":1,"covered":0,"skipped":0,"pct":0}}
,"/Users/outsource/Documents/GitHub/incident_picker/src/app/api/reports/summary/route.ts": {"lines":{"total":35,"covered":0,"skipped":0,"pct":0},"functions":{"total":1,"covered":0,"skipped":0,"pct":0},"statements":{"total":35,"covered":0,"skipped":0,"pct":0},"branches":{"total":1,"covered":0,"skipped":0,"pct":0}}
,"/Users/outsource/Documents/GitHub/incident_picker/src/app/api/rules/impact/route.ts": {"lines":{"total":30,"covered":0,"skipped":0,"pct":0},"functions":{"total":1,"covered":0,"skipped":0,"pct":0},"statements":{"total":30,"covered":0,"skipped":0,"pct":0},"branches":{"total":1,"covered":0,"skipped":0,"pct":0}}
,"/Users/outsource/Documents/GitHub/incident_picker/src/app/api/rules/impact/[id]/route.ts": {"lines":{"total":48,"covered":0,"skipped":0,"pct":0},"functions":{"total":1,"covered":0,"skipped":0,"pct":0},"statements":{"total":48,"covered":0,"skipped":0,"pct":0},"branches":{"total":1,"covered":0,"skipped":0,"pct":0}}
,"/Users/outsource/Documents/GitHub/incident_picker/src/app/api/rules/urgency/route.ts": {"lines":{"total":30,"covered":0,"skipped":0,"pct":0},"functions":{"total":1,"covered":0,"skipped":0,"pct":0},"statements":{"total":30,"covered":0,"skipped":0,"pct":0},"branches":{"total":1,"covered":0,"skipped":0,"pct":0}}
,"/Users/outsource/Documents/GitHub/incident_picker/src/app/api/rules/urgency/[id]/route.ts": {"lines":{"total":48,"covered":0,"skipped":0,"pct":0},"functions":{"total":1,"covered":0,"skipped":0,"pct":0},"statements":{"total":48,"covered":0,"skipped":0,"pct":0},"branches":{"total":1,"covered":0,"skipped":0,"pct":0}}
,"/Users/outsource/Documents/GitHub/incident_picker/src/app/api/search/incidents/route.ts": {"lines":{"total":62,"covered":0,"skipped":0,"pct":0},"functions":{"total":1,"covered":0,"skipped":0,"pct":0},"statements":{"total":62,"covered":0,"skipped":0,"pct":0},"branches":{"total":1,"covered":0,"skipped":0,"pct":0}}
,"/Users/outsource/Documents/GitHub/incident_picker/src/app/api/search/index/route.ts": {"lines":{"total":20,"covered":0,"skipped":0,"pct":0},"functions":{"total":1,"covered":0,"skipped":0,"pct":0},"statements":{"total":20,"covered":0,"skipped":0,"pct":0},"branches":{"total":1,"covered":0,"skipped":0,"pct":0}}
,"/Users/outsource/Documents/GitHub/incident_picker/src/app/api/search/messages/route.ts": {"lines":{"total":42,"covered":0,"skipped":0,"pct":0},"functions":{"total":1,"covered":0,"skipped":0,"pct":0},"statements":{"total":42,"covered":0,"skipped":0,"pct":0},"branches":{"total":1,"covered":0,"skipped":0,"pct":0}}
,"/Users/outsource/Documents/GitHub/incident_picker/src/app/api/search/suggestions/route.ts": {"lines":{"total":23,"covered":0,"skipped":0,"pct":0},"functions":{"total":1,"covered":0,"skipped":0,"pct":0},"statements":{"total":23,"covered":0,"skipped":0,"pct":0},"branches":{"total":1,"covered":0,"skipped":0,"pct":0}}
,"/Users/outsource/Documents/GitHub/incident_picker/src/app/api/slack/fetch/route.ts": {"lines":{"total":34,"covered":0,"skipped":0,"pct":0},"functions":{"total":1,"covered":0,"skipped":0,"pct":0},"statements":{"total":34,"covered":0,"skipped":0,"pct":0},"branches":{"total":1,"covered":0,"skipped":0,"pct":0}}
,"/Users/outsource/Documents/GitHub/incident_picker/src/app/audit/page.tsx": {"lines":{"total":291,"covered":278,"skipped":0,"pct":95.53},"functions":{"total":15,"covered":11,"skipped":0,"pct":73.33},"statements":{"total":291,"covered":278,"skipped":0,"pct":95.53},"branches":{"total":49,"covered":38,"skipped":0,"pct":77.55}}
,"/Users/outsource/Documents/GitHub/incident_picker/src/app/channels/page.tsx": {"lines":{"total":147,"covered":0,"skipped":0,"pct":0},"functions":{"total":1,"covered":0,"skipped":0,"pct":0},"statements":{"total":147,"covered":0,"skipped":0,"pct":0},"branches":{"total":1,"covered":0,"skipped":0,"pct":0}}
,"/Users/outsource/Documents/GitHub/incident_picker/src/app/dashboard/page.tsx": {"lines":{"total":166,"covered":159,"skipped":0,"pct":95.78},"functions":{"total":3,"covered":2,"skipped":0,"pct":66.66},"statements":{"total":166,"covered":159,"skipped":0,"pct":95.78},"branches":{"total":45,"covered":43,"skipped":0,"pct":95.55}}
,"/Users/outsource/Documents/GitHub/incident_picker/src/app/incidents/page.tsx": {"lines":{"total":246,"covered":244,"skipped":0,"pct":99.18},"functions":{"total":16,"covered":13,"skipped":0,"pct":81.25},"statements":{"total":246,"covered":244,"skipped":0,"pct":99.18},"branches":{"total":42,"covered":40,"skipped":0,"pct":95.23}}
,"/Users/outsource/Documents/GitHub/incident_picker/src/app/incidents/[id]/page.tsx": {"lines":{"total":258,"covered":249,"skipped":0,"pct":96.51},"functions":{"total":17,"covered":13,"skipped":0,"pct":76.47},"statements":{"total":258,"covered":249,"skipped":0,"pct":96.51},"branches":{"total":53,"covered":39,"skipped":0,"pct":73.58}}
,"/Users/outsource/Documents/GitHub/incident_picker/src/app/login/page.tsx": {"lines":{"total":31,"covered":0,"skipped":0,"pct":0},"functions":{"total":1,"covered":0,"skipped":0,"pct":0},"statements":{"total":31,"covered":0,"skipped":0,"pct":0},"branches":{"total":1,"covered":0,"skipped":0,"pct":0}}
,"/Users/outsource/Documents/GitHub/incident_picker/src/app/reports/page.tsx": {"lines":{"total":251,"covered":234,"skipped":0,"pct":93.22},"functions":{"total":14,"covered":11,"skipped":0,"pct":78.57},"statements":{"total":251,"covered":234,"skipped":0,"pct":93.22},"branches":{"total":25,"covered":17,"skipped":0,"pct":68}}
,"/Users/outsource/Documents/GitHub/incident_picker/src/app/rules/page.tsx": {"lines":{"total":211,"covered":200,"skipped":0,"pct":94.78},"functions":{"total":14,"covered":11,"skipped":0,"pct":78.57},"statements":{"total":211,"covered":200,"skipped":0,"pct":94.78},"branches":{"total":44,"covered":33,"skipped":0,"pct":75}}
,"/Users/outsource/Documents/GitHub/incident_picker/src/app/search/page.tsx": {"lines":{"total":270,"covered":250,"skipped":0,"pct":92.59},"functions":{"total":15,"covered":7,"skipped":0,"pct":46.66},"statements":{"total":270,"covered":250,"skipped":0,"pct":92.59},"branches":{"total":35,"covered":27,"skipped":0,"pct":77.14}}
,"/Users/outsource/Documents/GitHub/incident_picker/src/components/IncidentStatusBadge.tsx": {"lines":{"total":26,"covered":26,"skipped":0,"pct":100},"functions":{"total":1,"covered":1,"skipped":0,"pct":100},"statements":{"total":26,"covered":26,"skipped":0,"pct":100},"branches":{"total":1,"covered":1,"skipped":0,"pct":100}}
,"/Users/outsource/Documents/GitHub/incident_picker/src/components/IncidentTypeBadge.tsx": {"lines":{"total":16,"covered":16,"skipped":0,"pct":100},"functions":{"total":1,"covered":1,"skipped":0,"pct":100},"statements":{"total":16,"covered":16,"skipped":0,"pct":100},"branches":{"total":1,"covered":1,"skipped":0,"pct":100}}
,"/Users/outsource/Documents/GitHub/incident_picker/src/components/Navigation.tsx": {"lines":{"total":34,"covered":0,"skipped":0,"pct":0},"functions":{"total":1,"covered":0,"skipped":0,"pct":0},"statements":{"total":34,"covered":0,"skipped":0,"pct":0},"branches":{"total":1,"covered":0,"skipped":0,"pct":0}}
,"/Users/outsource/Documents/GitHub/incident_picker/src/components/PriorityBadge.tsx": {"lines":{"total":22,"covered":22,"skipped":0,"pct":100},"functions":{"total":1,"covered":1,"skipped":0,"pct":100},"statements":{"total":22,"covered":22,"skipped":0,"pct":100},"branches":{"total":1,"covered":1,"skipped":0,"pct":100}}
,"/Users/outsource/Documents/GitHub/incident_picker/src/lib/auth.ts": {"lines":{"total":24,"covered":0,"skipped":0,"pct":0},"functions":{"total":1,"covered":0,"skipped":0,"pct":0},"statements":{"total":24,"covered":0,"skipped":0,"pct":0},"branches":{"total":1,"covered":0,"skipped":0,"pct":0}}
,"/Users/outsource/Documents/GitHub/incident_picker/src/lib/db.ts": {"lines":{"total":3,"covered":3,"skipped":0,"pct":100},"functions":{"total":0,"covered":0,"skipped":0,"pct":100},"statements":{"total":3,"covered":3,"skipped":0,"pct":100},"branches":{"total":0,"covered":0,"skipped":0,"pct":100}}
,"/Users/outsource/Documents/GitHub/incident_picker/src/lib/api/auditApi.ts": {"lines":{"total":126,"covered":125,"skipped":0,"pct":99.2},"functions":{"total":6,"covered":6,"skipped":0,"pct":100},"statements":{"total":126,"covered":125,"skipped":0,"pct":99.2},"branches":{"total":22,"covered":16,"skipped":0,"pct":72.72}}
,"/Users/outsource/Documents/GitHub/incident_picker/src/lib/api/channelsApi.ts": {"lines":{"total":25,"covered":25,"skipped":0,"pct":100},"functions":{"total":5,"covered":5,"skipped":0,"pct":100},"statements":{"total":25,"covered":25,"skipped":0,"pct":100},"branches":{"total":5,"covered":5,"skipped":0,"pct":100}}
,"/Users/outsource/Documents/GitHub/incident_picker/src/lib/api/client.ts": {"lines":{"total":196,"covered":0,"skipped":0,"pct":0},"functions":{"total":1,"covered":1,"skipped":0,"pct":100},"statements":{"total":196,"covered":0,"skipped":0,"pct":0},"branches":{"total":1,"covered":1,"skipped":0,"pct":100}}
,"/Users/outsource/Documents/GitHub/incident_picker/src/lib/api/dashboardApi.ts": {"lines":{"total":196,"covered":194,"skipped":0,"pct":98.97},"functions":{"total":6,"covered":6,"skipped":0,"pct":100},"statements":{"total":196,"covered":194,"skipped":0,"pct":98.97},"branches":{"total":39,"covered":37,"skipped":0,"pct":94.87}}
,"/Users/outsource/Documents/GitHub/incident_picker/src/lib/api/incidentDetailApi.ts": {"lines":{"total":155,"covered":151,"skipped":0,"pct":97.41},"functions":{"total":5,"covered":5,"skipped":0,"pct":100},"statements":{"total":155,"covered":151,"skipped":0,"pct":97.41},"branches":{"total":29,"covered":25,"skipped":0,"pct":86.2}}
,"/Users/outsource/Documents/GitHub/incident_picker/src/lib/api/incidentsApi.ts": {"lines":{"total":166,"covered":143,"skipped":0,"pct":86.14},"functions":{"total":4,"covered":4,"skipped":0,"pct":100},"statements":{"total":166,"covered":143,"skipped":0,"pct":86.14},"branches":{"total":40,"covered":29,"skipped":0,"pct":72.5}}
,"/Users/outsource/Documents/GitHub/incident_picker/src/lib/api/reportApi.ts": {"lines":{"total":212,"covered":205,"skipped":0,"pct":96.69},"functions":{"total":7,"covered":7,"skipped":0,"pct":100},"statements":{"total":212,"covered":205,"skipped":0,"pct":96.69},"branches":{"total":37,"covered":28,"skipped":0,"pct":75.67}}
,"/Users/outsource/Documents/GitHub/incident_picker/src/lib/api/rulesApi.ts": {"lines":{"total":51,"covered":51,"skipped":0,"pct":100},"functions":{"total":10,"covered":10,"skipped":0,"pct":100},"statements":{"total":51,"covered":51,"skipped":0,"pct":100},"branches":{"total":13,"covered":13,"skipped":0,"pct":100}}
,"/Users/outsource/Documents/GitHub/incident_picker/src/lib/api/searchApi.ts": {"lines":{"total":179,"covered":171,"skipped":0,"pct":95.53},"functions":{"total":6,"covered":6,"skipped":0,"pct":100},"statements":{"total":179,"covered":171,"skipped":0,"pct":95.53},"branches":{"total":35,"covered":22,"skipped":0,"pct":62.85}}
,"/Users/outsource/Documents/GitHub/incident_picker/src/lib/api/slackFetchApi.ts": {"lines":{"total":132,"covered":103,"skipped":0,"pct":78.03},"functions":{"total":4,"covered":4,"skipped":0,"pct":100},"statements":{"total":132,"covered":103,"skipped":0,"pct":78.03},"branches":{"total":18,"covered":13,"skipped":0,"pct":72.22}}
,"/Users/outsource/Documents/GitHub/incident_picker/src/lib/domain/rules.ts": {"lines":{"total":0,"covered":0,"skipped":0,"pct":100},"functions":{"total":1,"covered":1,"skipped":0,"pct":100},"statements":{"total":0,"covered":0,"skipped":0,"pct":100},"branches":{"total":1,"covered":1,"skipped":0,"pct":100}}
,"/Users/outsource/Documents/GitHub/incident_picker/src/lib/incidents/autoClassify.ts": {"lines":{"total":51,"covered":45,"skipped":0,"pct":88.23},"functions":{"total":2,"covered":2,"skipped":0,"pct":100},"statements":{"total":51,"covered":45,"skipped":0,"pct":88.23},"branches":{"total":14,"covered":11,"skipped":0,"pct":78.57}}
,"/Users/outsource/Documents/GitHub/incident_picker/src/lib/incidents/classify.ts": {"lines":{"total":40,"covered":34,"skipped":0,"pct":85},"functions":{"total":4,"covered":4,"skipped":0,"pct":100},"statements":{"total":40,"covered":34,"skipped":0,"pct":85},"branches":{"total":15,"covered":12,"skipped":0,"pct":80}}
,"/Users/outsource/Documents/GitHub/incident_picker/src/lib/incidents/incidentClassifier.ts": {"lines":{"total":48,"covered":0,"skipped":0,"pct":0},"functions":{"total":1,"covered":0,"skipped":0,"pct":0},"statements":{"total":48,"covered":0,"skipped":0,"pct":0},"branches":{"total":1,"covered":0,"skipped":0,"pct":0}}
,"/Users/outsource/Documents/GitHub/incident_picker/src/lib/incidents/incidentType.ts": {"lines":{"total":16,"covered":16,"skipped":0,"pct":100},"functions":{"total":1,"covered":1,"skipped":0,"pct":100},"statements":{"total":16,"covered":16,"skipped":0,"pct":100},"branches":{"total":9,"covered":9,"skipped":0,"pct":100}}
,"/Users/outsource/Documents/GitHub/incident_picker/src/lib/repositories/inMemoryRulesRepository.ts": {"lines":{"total":43,"covered":0,"skipped":0,"pct":0},"functions":{"total":1,"covered":1,"skipped":0,"pct":100},"statements":{"total":43,"covered":0,"skipped":0,"pct":0},"branches":{"total":1,"covered":1,"skipped":0,"pct":100}}
,"/Users/outsource/Documents/GitHub/incident_picker/src/lib/slack/client.ts": {"lines":{"total":0,"covered":0,"skipped":0,"pct":100},"functions":{"total":1,"covered":1,"skipped":0,"pct":100},"statements":{"total":0,"covered":0,"skipped":0,"pct":100},"branches":{"total":1,"covered":1,"skipped":0,"pct":100}}
,"/Users/outsource/Documents/GitHub/incident_picker/src/lib/slack/fetch.ts": {"lines":{"total":25,"covered":25,"skipped":0,"pct":100},"functions":{"total":2,"covered":2,"skipped":0,"pct":100},"statements":{"total":25,"covered":25,"skipped":0,"pct":100},"branches":{"total":6,"covered":6,"skipped":0,"pct":100}}
,"/Users/outsource/Documents/GitHub/incident_picker/src/lib/slack/rateLimiter.ts": {"lines":{"total":54,"covered":50,"skipped":0,"pct":92.59},"functions":{"total":5,"covered":5,"skipped":0,"pct":100},"statements":{"total":54,"covered":50,"skipped":0,"pct":92.59},"branches":{"total":16,"covered":14,"skipped":0,"pct":87.5}}
,"/Users/outsource/Documents/GitHub/incident_picker/src/lib/slack/slackClient.ts": {"lines":{"total":42,"covered":42,"skipped":0,"pct":100},"functions":{"total":4,"covered":4,"skipped":0,"pct":100},"statements":{"total":42,"covered":42,"skipped":0,"pct":100},"branches":{"total":10,"covered":9,"skipped":0,"pct":90}}
}
